Sat Jun 20 14:07:42 UTC 2026-1
Sun Jun 21 14:14:16 UTC 2026-1
Sun Jun 21 14:14:16 UTC 2026-2
Mon Jun 22 17:00:54 UTC 2026-1
Mon Jun 22 17:00:54 UTC 2026-2
Mon Jun 22 17:00:54 UTC 2026-3
Mon Jun 22 17:00:54 UTC 2026-4
Mon Jun 22 17:00:54 UTC 2026-5
Tue Jun 23 14:52:38 UTC 2026-1
Wed Jun 24 14:34:35 UTC 2026-1
Wed Jun 24 14:34:35 UTC 2026-2
Wed Jun 24 14:34:35 UTC 2026-3
Thu Jun 25 14:36:10 UTC 2026-1
Thu Jun 25 14:36:10 UTC 2026-2
Thu Jun 25 14:36:10 UTC 2026-3
Thu Jun 25 14:36:10 UTC 2026-4
Thu Jun 25 14:36:10 UTC 2026-5
Fri Jun 26 14:27:57 UTC 2026-1
Fri Jun 26 14:27:57 UTC 2026-2
Fri Jun 26 14:27:57 UTC 2026-3
Sat Jun 27 13:46:08 UTC 2026-1
Sat Jun 27 13:46:08 UTC 2026-2
Sat Jun 27 13:46:08 UTC 2026-3
Sat Jun 27 13:46:08 UTC 2026-4
Sun Jun 28 13:49:43 UTC 2026-1
Sun Jun 28 13:49:43 UTC 2026-2
Sun Jun 28 13:49:43 UTC 2026-3
Mon Jun 29 15:50:21 UTC 2026-1
